<?xml version="1.0" encoding="UTF-8"?>
<!-- Generated by org.testng.reporters.JUnitReportReporter -->
<testsuite skipped="0" hostname="HCM-NGOCVTM.local" name="test.authentication.LoginTest" tests="1" failures="0" timestamp="2021-11-29T20:08:53 ICT" time="9.349" errors="0">
  <testcase name="loginWithCorrectCreds" time="9.349" classname="test.authentication.LoginTest"/>
  <system-out/>
</testsuite> <!-- test.authentication.LoginTest -->
